<?xml version="1.0" encoding="UTF-8"?>
<!-- Generated by org.testng.reporters.JUnitReportReporter -->
<testsuite hostname="kulsum" failures="0" tests="1" name="com.generic.OnlineBanking" time="4.946" errors="0" timestamp="2023-07-04T10:40:12 EDT" skipped="0">
  <testcase classname="com.generic.OnlineBanking" name="getLogin" time="4.946"/>
  <system-out/>
</testsuite> <!-- com.generic.OnlineBanking -->
