<?xml version="1.0" encoding="UTF-8"?>
<!-- Generated by org.testng.reporters.JUnitReportReporter -->
<testsuite hostname="kulsum" failures="0" tests="2" name="com.regrretion.CucumberRunner" time="7.064" errors="0" timestamp="2023-07-04T19:24:31 EDT" skipped="0">
  <testcase classname="com.regrretion.CucumberRunner" name="runScenario" time="3.750"/>
  <system-out/>
  <testcase classname="com.regrretion.CucumberRunner" name="runScenario" time="3.314"/>
  <system-out/>
</testsuite> <!-- com.regrretion.CucumberRunner -->
